<?xml version="1.0" encoding="UTF-8"?>
<testng-results ignored="0" total="2" passed="2" failed="0" skipped="0">
  <reporter-output>
  </reporter-output>
  <suite started-at="2024-10-22T01:33:23 IST" name="Suite" finished-at="2024-10-22T01:33:34 IST" duration-ms="11617">
    <groups>
      <group name="Master">
        <method signature="tc001_AccountRegistrationTest.verify_account_registration()[pri:0, instance:testCases.tc001_AccountRegistrationTest@74bf1791]" name="verify_account_registration" class="testCases.tc001_AccountRegistrationTest"/>
        <method signature="tc002_LoginTest.verify_login()[pri:0, instance:testCases.tc002_LoginTest@68df9280]" name="verify_login" class="testCases.tc002_LoginTest"/>
      </group> <!-- Master -->
      <group name="Sanity">
        <method signature="tc002_LoginTest.verify_login()[pri:0, instance:testCases.tc002_LoginTest@68df9280]" name="verify_login" class="testCases.tc002_LoginTest"/>
      </group> <!-- Sanity -->
      <group name="Regression">
        <method signature="tc001_AccountRegistrationTest.verify_account_registration()[pri:0, instance:testCases.tc001_AccountRegistrationTest@74bf1791]" name="verify_account_registration" class="testCases.tc001_AccountRegistrationTest"/>
      </group> <!-- Regression -->
    </groups>
    <test started-at="2024-10-22T01:33:23 IST" name="Test" finished-at="2024-10-22T01:33:34 IST" duration-ms="11617">
      <class name="testCases.tc001_AccountRegistrationTest">
        <test-method is-config="true" signature="setup(java.lang.String,java.lang.String)[pri:0, instance:testCases.tc001_AccountRegistrationTest@74bf1791]" started-at="2024-10-22T01:33:23 IST" name="setup" finished-at="2024-10-22T01:33:28 IST" duration-ms="4994" status="PASS">
          <params>
            <param index="0">
              <value>
                <![CDATA[Windows]]>
              </value>
            </param>
            <param index="1">
              <value>
                <![CDATA[chrome]]>
              </value>
            </param>
          </params>
          <reporter-output>
          </reporter-output>
        </test-method> <!-- setup -->
        <test-method signature="verify_account_registration()[pri:0, instance:testCases.tc001_AccountRegistrationTest@74bf1791]" started-at="2024-10-22T01:33:28 IST" name="verify_account_registration" finished-at="2024-10-22T01:33:29 IST" duration-ms="1213" status="PASS">
          <reporter-output>
          </reporter-output>
        </test-method> <!-- verify_account_registration -->
        <test-method is-config="true" signature="tearDown()[pri:0, instance:testCases.tc001_AccountRegistrationTest@74bf1791]" started-at="2024-10-22T01:33:29 IST" name="tearDown" finished-at="2024-10-22T01:33:29 IST" duration-ms="159" status="PASS">
          <reporter-output>
          </reporter-output>
        </test-method> <!-- tearDown -->
      </class> <!-- testCases.tc001_AccountRegistrationTest -->
      <class name="testCases.tc002_LoginTest">
        <test-method is-config="true" signature="setup(java.lang.String,java.lang.String)[pri:0, instance:testCases.tc002_LoginTest@68df9280]" started-at="2024-10-22T01:33:29 IST" name="setup" finished-at="2024-10-22T01:33:33 IST" duration-ms="3327" status="PASS">
          <params>
            <param index="0">
              <value>
                <![CDATA[Windows]]>
              </value>
            </param>
            <param index="1">
              <value>
                <![CDATA[chrome]]>
              </value>
            </param>
          </params>
          <reporter-output>
          </reporter-output>
        </test-method> <!-- setup -->
        <test-method signature="verify_login()[pri:0, instance:testCases.tc002_LoginTest@68df9280]" started-at="2024-10-22T01:33:33 IST" name="verify_login" finished-at="2024-10-22T01:33:34 IST" duration-ms="1522" status="PASS">
          <reporter-output>
          </reporter-output>
        </test-method> <!-- verify_login -->
        <test-method is-config="true" signature="tearDown()[pri:0, instance:testCases.tc002_LoginTest@68df9280]" started-at="2024-10-22T01:33:34 IST" name="tearDown" finished-at="2024-10-22T01:33:34 IST" duration-ms="155" status="PASS">
          <reporter-output>
          </reporter-output>
        </test-method> <!-- tearDown -->
      </class> <!-- testCases.tc002_LoginTest -->
    </test> <!-- Test -->
  </suite> <!-- Suite -->
</testng-results>
