<?xml version="1.0" encoding="UTF-8"?>
<testng-results ignored="0" total="2" passed="2" failed="0" skipped="0">
  <reporter-output>
  </reporter-output>
  <suite started-at="2024-10-21T23:34:46 IST" name="Suite" finished-at="2024-10-21T23:34:59 IST" duration-ms="13144">
    <groups>
      <group name="Master">
        <method signature="tc001_AccountRegistrationTest.verify_account_registration()[pri:0, instance:testCases.tc001_AccountRegistrationTest@27305e6]" name="verify_account_registration" class="testCases.tc001_AccountRegistrationTest"/>
        <method signature="tc002_LoginTest.verify_login()[pri:0, instance:testCases.tc002_LoginTest@37b70343]" name="verify_login" class="testCases.tc002_LoginTest"/>
      </group> <!-- Master -->
      <group name="Sanity">
        <method signature="tc002_LoginTest.verify_login()[pri:0, instance:testCases.tc002_LoginTest@37b70343]" name="verify_login" class="testCases.tc002_LoginTest"/>
      </group> <!-- Sanity -->
      <group name="Regression">
        <method signature="tc001_AccountRegistrationTest.verify_account_registration()[pri:0, instance:testCases.tc001_AccountRegistrationTest@27305e6]" name="verify_account_registration" class="testCases.tc001_AccountRegistrationTest"/>
      </group> <!-- Regression -->
    </groups>
    <test started-at="2024-10-21T23:34:46 IST" name="Test" finished-at="2024-10-21T23:34:59 IST" duration-ms="13144">
      <class name="testCases.tc001_AccountRegistrationTest">
        <test-method is-config="true" signature="setup(java.lang.String,java.lang.String)[pri:0, instance:testCases.tc001_AccountRegistrationTest@27305e6]" started-at="2024-10-21T23:34:46 IST" name="setup" finished-at="2024-10-21T23:34:52 IST" duration-ms="6150" status="PASS">
          <params>
            <param index="0">
              <value>
                <![CDATA[Windows]]>
              </value>
            </param>
            <param index="1">
              <value>
                <![CDATA[chrome]]>
              </value>
            </param>
          </params>
          <reporter-output>
          </reporter-output>
        </test-method> <!-- setup -->
        <test-method signature="verify_account_registration()[pri:0, instance:testCases.tc001_AccountRegistrationTest@27305e6]" started-at="2024-10-21T23:34:52 IST" name="verify_account_registration" finished-at="2024-10-21T23:34:53 IST" duration-ms="1372" status="PASS">
          <reporter-output>
          </reporter-output>
        </test-method> <!-- verify_account_registration -->
        <test-method is-config="true" signature="tearDown()[pri:0, instance:testCases.tc001_AccountRegistrationTest@27305e6]" started-at="2024-10-21T23:34:53 IST" name="tearDown" finished-at="2024-10-21T23:34:54 IST" duration-ms="335" status="PASS">
          <reporter-output>
          </reporter-output>
        </test-method> <!-- tearDown -->
      </class> <!-- testCases.tc001_AccountRegistrationTest -->
      <class name="testCases.tc002_LoginTest">
        <test-method is-config="true" signature="setup(java.lang.String,java.lang.String)[pri:0, instance:testCases.tc002_LoginTest@37b70343]" started-at="2024-10-21T23:34:54 IST" name="setup" finished-at="2024-10-21T23:34:57 IST" duration-ms="3305" status="PASS">
          <params>
            <param index="0">
              <value>
                <![CDATA[Windows]]>
              </value>
            </param>
            <param index="1">
              <value>
                <![CDATA[chrome]]>
              </value>
            </param>
          </params>
          <reporter-output>
          </reporter-output>
        </test-method> <!-- setup -->
        <test-method signature="verify_login()[pri:0, instance:testCases.tc002_LoginTest@37b70343]" started-at="2024-10-21T23:34:57 IST" name="verify_login" finished-at="2024-10-21T23:34:59 IST" duration-ms="1575" status="PASS">
          <reporter-output>
          </reporter-output>
        </test-method> <!-- verify_login -->
        <test-method is-config="true" signature="tearDown()[pri:0, instance:testCases.tc002_LoginTest@37b70343]" started-at="2024-10-21T23:34:59 IST" name="tearDown" finished-at="2024-10-21T23:34:59 IST" duration-ms="143" status="PASS">
          <reporter-output>
          </reporter-output>
        </test-method> <!-- tearDown -->
      </class> <!-- testCases.tc002_LoginTest -->
    </test> <!-- Test -->
  </suite> <!-- Suite -->
</testng-results>
